Vivado Simulator v2022.2
Copyright 1986-1999, 2001-2022 Xilinx, Inc. All Rights Reserved.
Running: C:/Xilinx/Vivado/2022.2/bin/unwrapped/win64.o/xelab.exe --incr --debug typical --relax --mt 2 -L xil_defaultlib -L unisims_ver -L unimacro_ver -L secureip --snapshot sing_song_score_tb_behav xil_defaultlib.sing_song_score_tb xil_defaultlib.glbl -log elaborate.log 
Using 2 slave threads.
Starting static elaboration
Pass Through NonSizing Optimizer
Completed static elaboration
Starting simulation data flow analysis
WARNING: [XSIM 43-4099] "C:/Users/user/logic_design_homework/project_3/project_3.srcs/sources_1/new/top.v" Line 1. Module top doesn't have a timescale but at least one module in design has a timescale.
WARNING: [XSIM 43-4099] "C:/Users/user/logic_design_homework/project_3/project_3.srcs/sources_1/new/user.v" Line 1. Module user doesn't have a timescale but at least one module in design has a timescale.
WARNING: [XSIM 43-4099] "C:/Users/user/logic_design_homework/project_3/project_3.srcs/sources_1/new/PROJECT.v" Line 1. Module sing_song_score doesn't have a timescale but at least one module in design has a timescale.
WARNING: [XSIM 43-4099] "C:/Users/user/logic_design_homework/project_3/project_3.srcs/sources_1/new/top.v" Line 1. Module top doesn't have a timescale but at least one module in design has a timescale.
WARNING: [XSIM 43-4099] "C:/Users/user/logic_design_homework/project_3/project_3.srcs/sources_1/new/user.v" Line 1. Module user doesn't have a timescale but at least one module in design has a timescale.
WARNING: [XSIM 43-4099] "C:/Users/user/logic_design_homework/project_3/project_3.srcs/sources_1/new/PROJECT.v" Line 1. Module sing_song_score doesn't have a timescale but at least one module in design has a timescale.
Completed simulation data flow analysis
Time Resolution for simulation is 1ps
Compiling module xil_defaultlib.user
Compiling module xil_defaultlib.sing_song_score
Compiling module xil_defaultlib.top
Compiling module xil_defaultlib.sing_song_score_tb
Compiling module xil_defaultlib.glbl
Built simulation snapshot sing_song_score_tb_behav
